pick up a big red block
pickup(big red block)!

hold that pyramid
hold(that pyramid)!

which blocks are taller than what is being hold-ed
block tall.hold?

put that in a box
in(that, box)!

what is contained by a box
contain'.box?

what supports that pyramid
support[that pyramid]?

which blocks are not in a box
block ~in.box?

which of those are narrower than what you were told to pick up
that narrow.command$pickup?

what supports that
support.that?

make a stack of two pyramids
stack(pyramid, pyramid)!

blue pyramids are mine
mine(blue pyramid).

blocks which are not red and don't support a pyramid are mine
mine(block ~red ~support.pyramid).

which boxes are mine
box mine?

what is in a box and is mine
in.box mine?

make a stack of two red blocks and either a green cube or a pyramid
stack(red block, red block, green cube | pyramid)!

which cubes are on a table
cube on.table?

which large blocks are behind a pyramid
large block behind.pyramid?

put a small block onto a green cube which supports a pyramid
on(small block, green cube support.pyramid)!

put the most little pyramid on a small block
on(#most(little,pyramid), small block)!

which green thing is supported by the shortest thing which is supported by what supports the tallest pyramid
green thing support'[#most(short,thing support'.support.#most(tall,pyramid))]?

what is the colour of what supports that
colour.support.that?

what is above a green cube
above[green cube]?

which pyramids were picked up before you were told to put a green pyramid on a little cube
pyramid pickup'[before[goal[on(green pyramid, little cube)]]]?

when did you pick that up
when.pickup.that?

why did you pick that up
why.pickup.that?

why
why?

how
how?

how many objects were picked up during that
#count(object pickup'.during.that)?

what was supported by a red cube just before the cube was cleaned off
support'[red cube,just_before.cleanoff.cube]?

which blocks were to the left of a box just before a red cube was cleaned off
block left[box; just_before[cleanoff[red cube]]]?

count those
#count(that)?

put a blue pyramid on a block which is in a box
on(blue pyramid, block in.box)!

which objects are big-er than each pyramid but are not as wide as what supports them
object #each(big,pyramid) wide'.support.#it?

a stack of two green cubes and a pyramid is a steeple
steeple(stack(green cube, green cube, pyramid)).

which steeples exist now
steeple exist.now?

make a steeple
steeple!

the big-est block is superblock
superblock(#most(big,block)).

when did you pick up superblock
when.pickup.superblock?

why did you put superblock on a table
why.put_on(superblock,table)?

what is to the right of a red pyramid
right[red pyramid]?

